23:35:09.154 [http-8080-1] ERROR freemarker.runtime - Error executing FreeMarker template
freemarker.core.InvalidReferenceException: The following has evaluated to null or missing:
==> a.attr.Starring  [in template "WEB-INF/t/cms/www/default/index/index.html" at line 167, column 38]

Tip: If the failing expression is known to be legally null/missing, either specify a default value with myOptionalVar!myDefault, or use [#if myOptionalVar??]when-present[#else]when-missing[/#if]. (These only cover the last step of the expression; to cover the whole expression, use parenthessis: (myOptionVar.foo)!myDefault, (myOptionVar.foo)??

The failing instruction (print stack trace for 1 more):
==> #if a.attr.Starring  [in template "WEB-INF/t/cms/www/default/index/index.html" at line 167, column 33]
	at freemarker.core.InvalidReferenceException.getInstance(InvalidReferenceException.java:98) ~[freemarker.jar:2.3.20]
	at freemarker.core.UnexpectedTypeException.newDesciptionBuilder(UnexpectedTypeException.java:41) ~[freemarker.jar:2.3.20]
	at freemarker.core.UnexpectedTypeException.<init>(UnexpectedTypeException.java:24) ~[freemarker.jar:2.3.20]
	at freemarker.core.NonBooleanException.<init>(NonBooleanException.java:81) ~[freemarker.jar:2.3.20]
	at freemarker.core.Expression.modelToBoolean(Expression.java:153) ~[freemarker.jar:2.3.20]
	at freemarker.core.Expression.evalToBoolean(Expression.java:144) ~[freemarker.jar:2.3.20]
	at freemarker.core.ConditionalBlock.accept(ConditionalBlock.java:84) ~[freemarker.jar:2.3.20]
	at freemarker.core.Environment.visit(Environment.java:265) [freemarker.jar:2.3.20]
	at freemarker.core.MixedContent.accept(MixedContent.java:93) [freemarker.jar:2.3.20]
	at freemarker.core.Environment.visitByHiddingParent(Environment.java:286) [freemarker.jar:2.3.20]
	at freemarker.core.IteratorBlock$Context.runLoop(IteratorBlock.java:193) [freemarker.jar:2.3.20]
	at freemarker.core.Environment.visitIteratorBlock(Environment.java:509) [freemarker.jar:2.3.20]
	at freemarker.core.IteratorBlock.accept(IteratorBlock.java:103) [freemarker.jar:2.3.20]
	at freemarker.core.Environment.visit(Environment.java:265) [freemarker.jar:2.3.20]
	at freemarker.core.Environment$1.render(Environment.java:313) [freemarker.jar:2.3.20]
	at com.jeecms.cms.action.directive.ContentListDirective.execute(ContentListDirective.java:115) [ContentListDirective.class:na]
	at freemarker.core.Environment.visit(Environment.java:341) [freemarker.jar:2.3.20]
	at freemarker.core.UnifiedCall.accept(UnifiedCall.java:136) [freemarker.jar:2.3.20]
	at freemarker.core.Environment.visit(Environment.java:265) [freemarker.jar:2.3.20]
	at freemarker.core.MixedContent.accept(MixedContent.java:93) [freemarker.jar:2.3.20]
	at freemarker.core.Environment.visit(Environment.java:265) [freemarker.jar:2.3.20]
	at freemarker.core.Environment.process(Environment.java:243) [freemarker.jar:2.3.20]
	at freemarker.template.Template.process(Template.java:277) [freemarker.jar:2.3.20]
	at com.jeecms.common.web.springmvc.SimpleFreeMarkerView.renderMergedTemplateModel(SimpleFreeMarkerView.java:111) [SimpleFreeMarkerView.class:na]
	at org.springframework.web.servlet.view.AbstractTemplateView.renderMergedOutputModel(AbstractTemplateView.java:167) [spring-webmvc-3.2.6.jar:3.2.6.RELEASE]
	at org.springframework.web.servlet.view.AbstractView.render(AbstractView.java:263) [spring-webmvc-3.2.6.jar:3.2.6.RELEASE]
	at org.springframework.web.servlet.DispatcherServlet.render(DispatcherServlet.java:1208) [spring-webmvc-3.2.6.jar:3.2.6.RELEASE]
	at org.springframework.web.servlet.DispatcherServlet.processDispatchResult(DispatcherServlet.java:992) [spring-webmvc-3.2.6.jar:3.2.6.RELEASE]
	at org.springframework.web.servlet.DispatcherServlet.doDispatch(DispatcherServlet.java:939) [spring-webmvc-3.2.6.jar:3.2.6.RELEASE]
	at org.springframework.web.servlet.DispatcherServlet.doService(DispatcherServlet.java:856) [spring-webmvc-3.2.6.jar:3.2.6.RELEASE]
	at org.springframework.web.servlet.FrameworkServlet.processRequest(FrameworkServlet.java:936) [spring-webmvc-3.2.6.jar:3.2.6.RELEASE]
	at org.springframework.web.servlet.FrameworkServlet.doGet(FrameworkServlet.java:827) [spring-webmvc-3.2.6.jar:3.2.6.RELEASE]
	at javax.servlet.http.HttpServlet.service(HttpServlet.java:617) [servlet-api.jar:na]
	at org.springframework.web.servlet.FrameworkServlet.service(FrameworkServlet.java:812) [spring-webmvc-3.2.6.jar:3.2.6.RELEASE]
	at javax.servlet.http.HttpServlet.service(HttpServlet.java:723) [servlet-api.jar:na]
	at org.apache.catalina.core.ApplicationFilterChain.internalDoFilter(ApplicationFilterChain.java:290) [catalina.jar:6.0.39]
	at org.apache.catalina.core.ApplicationFilterChain.doFilter(ApplicationFilterChain.java:206) [catalina.jar:6.0.39]
	at com.jeecms.common.web.XssFilter.doFilter(XssFilter.java:50) [XssFilter.class:na]
	at org.apache.catalina.core.ApplicationFilterChain.internalDoFilter(ApplicationFilterChain.java:235) [catalina.jar:6.0.39]
	at org.apache.catalina.core.ApplicationFilterChain.doFilter(ApplicationFilterChain.java:206) [catalina.jar:6.0.39]
	at org.apache.shiro.web.servlet.AbstractShiroFilter.executeChain(AbstractShiroFilter.java:449) [shiro-web-1.2.2.jar:1.2.2]
	at org.apache.shiro.web.servlet.AbstractShiroFilter$1.call(AbstractShiroFilter.java:365) [shiro-web-1.2.2.jar:1.2.2]
	at org.apache.shiro.subject.support.SubjectCallable.doCall(SubjectCallable.java:90) [shiro-core-1.2.2.jar:1.2.2]
	at org.apache.shiro.subject.support.SubjectCallable.call(SubjectCallable.java:83) [shiro-core-1.2.2.jar:1.2.2]
	at org.apache.shiro.subject.support.DelegatingSubject.execute(DelegatingSubject.java:383) [shiro-core-1.2.2.jar:1.2.2]
	at org.apache.shiro.web.servlet.AbstractShiroFilter.doFilterInternal(AbstractShiroFilter.java:362) [shiro-web-1.2.2.jar:1.2.2]
	at org.apache.shiro.web.servlet.OncePerRequestFilter.doFilter(OncePerRequestFilter.java:125) [shiro-web-1.2.2.jar:1.2.2]
	at org.springframework.web.filter.DelegatingFilterProxy.invokeDelegate(DelegatingFilterProxy.java:343) [spring-web-3.2.6.jar:3.2.6.RELEASE]
	at org.springframework.web.filter.DelegatingFilterProxy.doFilter(DelegatingFilterProxy.java:260) [spring-web-3.2.6.jar:3.2.6.RELEASE]
	at org.apache.catalina.core.ApplicationFilterChain.internalDoFilter(ApplicationFilterChain.java:235) [catalina.jar:6.0.39]
	at org.apache.catalina.core.ApplicationFilterChain.doFilter(ApplicationFilterChain.java:206) [catalina.jar:6.0.39]
	at org.springframework.orm.hibernate3.support.OpenSessionInViewFilter.doFilterInternal(OpenSessionInViewFilter.java:230) [spring-orm-3.2.6.jar:3.2.6.RELEASE]
	at org.springframework.web.filter.OncePerRequestFilter.doFilter(OncePerRequestFilter.java:107) [spring-web-3.2.6.jar:3.2.6.RELEASE]
	at org.apache.catalina.core.ApplicationFilterChain.internalDoFilter(ApplicationFilterChain.java:235) [catalina.jar:6.0.39]
	at org.apache.catalina.core.ApplicationFilterChain.doFilter(ApplicationFilterChain.java:206) [catalina.jar:6.0.39]
	at org.springframework.web.filter.CharacterEncodingFilter.doFilterInternal(CharacterEncodingFilter.java:88) [spring-web-3.2.6.jar:3.2.6.RELEASE]
	at org.springframework.web.filter.OncePerRequestFilter.doFilter(OncePerRequestFilter.java:107) [spring-web-3.2.6.jar:3.2.6.RELEASE]
	at org.apache.catalina.core.ApplicationFilterChain.internalDoFilter(ApplicationFilterChain.java:235) [catalina.jar:6.0.39]
	at org.apache.catalina.core.ApplicationFilterChain.doFilter(ApplicationFilterChain.java:206) [catalina.jar:6.0.39]
	at com.jeecms.common.web.ProcessTimeFilter.doFilter(ProcessTimeFilter.java:35) [ProcessTimeFilter.class:na]
	at org.apache.catalina.core.ApplicationFilterChain.internalDoFilter(ApplicationFilterChain.java:235) [catalina.jar:6.0.39]
	at org.apache.catalina.core.ApplicationFilterChain.doFilter(ApplicationFilterChain.java:206) [catalina.jar:6.0.39]
	at org.apache.catalina.core.StandardWrapperValve.invoke(StandardWrapperValve.java:233) [catalina.jar:6.0.39]
	at org.apache.catalina.core.StandardContextValve.invoke(StandardContextValve.java:191) [catalina.jar:6.0.39]
	at org.apache.catalina.core.StandardHostValve.invoke(StandardHostValve.java:127) [catalina.jar:6.0.39]
	at org.apache.catalina.valves.ErrorReportValve.invoke(ErrorReportValve.java:103) [catalina.jar:6.0.39]
	at org.apache.catalina.core.StandardEngineValve.invoke(StandardEngineValve.java:109) [catalina.jar:6.0.39]
	at org.apache.catalina.connector.CoyoteAdapter.service(CoyoteAdapter.java:293) [catalina.jar:6.0.39]
	at org.apache.coyote.http11.Http11AprProcessor.process(Http11AprProcessor.java:879) [tomcat-coyote.jar:6.0.39]
	at org.apache.coyote.http11.Http11AprProtocol$Http11ConnectionHandler.process(Http11AprProtocol.java:617) [tomcat-coyote.jar:6.0.39]
	at org.apache.tomcat.util.net.AprEndpoint$Worker.run(AprEndpoint.java:1774) [tomcat-coyote.jar:6.0.39]
	at java.lang.Thread.run(Thread.java:662) [na:1.6.0_43]
23:35:09.159 [http-8080-2] ERROR freemarker.runtime - Error executing FreeMarker template
freemarker.core.InvalidReferenceException: The following has evaluated to null or missing:
==> a.attr.Starring  [in template "WEB-INF/t/cms/www/default/index/index.html" at line 167, column 38]

Tip: If the failing expression is known to be legally null/missing, either specify a default value with myOptionalVar!myDefault, or use [#if myOptionalVar??]when-present[#else]when-missing[/#if]. (These only cover the last step of the expression; to cover the whole expression, use parenthessis: (myOptionVar.foo)!myDefault, (myOptionVar.foo)??

The failing instruction (print stack trace for 1 more):
==> #if a.attr.Starring  [in template "WEB-INF/t/cms/www/default/index/index.html" at line 167, column 33]
	at freemarker.core.InvalidReferenceException.getInstance(InvalidReferenceException.java:98) ~[freemarker.jar:2.3.20]
	at freemarker.core.UnexpectedTypeException.newDesciptionBuilder(UnexpectedTypeException.java:41) ~[freemarker.jar:2.3.20]
	at freemarker.core.UnexpectedTypeException.<init>(UnexpectedTypeException.java:24) ~[freemarker.jar:2.3.20]
	at freemarker.core.NonBooleanException.<init>(NonBooleanException.java:81) ~[freemarker.jar:2.3.20]
	at freemarker.core.Expression.modelToBoolean(Expression.java:153) ~[freemarker.jar:2.3.20]
	at freemarker.core.Expression.evalToBoolean(Expression.java:144) ~[freemarker.jar:2.3.20]
	at freemarker.core.ConditionalBlock.accept(ConditionalBlock.java:84) ~[freemarker.jar:2.3.20]
	at freemarker.core.Environment.visit(Environment.java:265) [freemarker.jar:2.3.20]
	at freemarker.core.MixedContent.accept(MixedContent.java:93) [freemarker.jar:2.3.20]
	at freemarker.core.Environment.visitByHiddingParent(Environment.java:286) [freemarker.jar:2.3.20]
	at freemarker.core.IteratorBlock$Context.runLoop(IteratorBlock.java:193) [freemarker.jar:2.3.20]
	at freemarker.core.Environment.visitIteratorBlock(Environment.java:509) [freemarker.jar:2.3.20]
	at freemarker.core.IteratorBlock.accept(IteratorBlock.java:103) [freemarker.jar:2.3.20]
	at freemarker.core.Environment.visit(Environment.java:265) [freemarker.jar:2.3.20]
	at freemarker.core.Environment$1.render(Environment.java:313) [freemarker.jar:2.3.20]
	at com.jeecms.cms.action.directive.ContentListDirective.execute(ContentListDirective.java:115) [ContentListDirective.class:na]
	at freemarker.core.Environment.visit(Environment.java:341) [freemarker.jar:2.3.20]
	at freemarker.core.UnifiedCall.accept(UnifiedCall.java:136) [freemarker.jar:2.3.20]
	at freemarker.core.Environment.visit(Environment.java:265) [freemarker.jar:2.3.20]
	at freemarker.core.MixedContent.accept(MixedContent.java:93) [freemarker.jar:2.3.20]
	at freemarker.core.Environment.visit(Environment.java:265) [freemarker.jar:2.3.20]
	at freemarker.core.Environment.process(Environment.java:243) [freemarker.jar:2.3.20]
	at freemarker.template.Template.process(Template.java:277) [freemarker.jar:2.3.20]
	at com.jeecms.common.web.springmvc.SimpleFreeMarkerView.renderMergedTemplateModel(SimpleFreeMarkerView.java:111) [SimpleFreeMarkerView.class:na]
	at org.springframework.web.servlet.view.AbstractTemplateView.renderMergedOutputModel(AbstractTemplateView.java:167) [spring-webmvc-3.2.6.jar:3.2.6.RELEASE]
	at org.springframework.web.servlet.view.AbstractView.render(AbstractView.java:263) [spring-webmvc-3.2.6.jar:3.2.6.RELEASE]
	at org.springframework.web.servlet.DispatcherServlet.render(DispatcherServlet.java:1208) [spring-webmvc-3.2.6.jar:3.2.6.RELEASE]
	at org.springframework.web.servlet.DispatcherServlet.processDispatchResult(DispatcherServlet.java:992) [spring-webmvc-3.2.6.jar:3.2.6.RELEASE]
	at org.springframework.web.servlet.DispatcherServlet.doDispatch(DispatcherServlet.java:939) [spring-webmvc-3.2.6.jar:3.2.6.RELEASE]
	at org.springframework.web.servlet.DispatcherServlet.doService(DispatcherServlet.java:856) [spring-webmvc-3.2.6.jar:3.2.6.RELEASE]
	at org.springframework.web.servlet.FrameworkServlet.processRequest(FrameworkServlet.java:936) [spring-webmvc-3.2.6.jar:3.2.6.RELEASE]
	at org.springframework.web.servlet.FrameworkServlet.doGet(FrameworkServlet.java:827) [spring-webmvc-3.2.6.jar:3.2.6.RELEASE]
	at javax.servlet.http.HttpServlet.service(HttpServlet.java:617) [servlet-api.jar:na]
	at org.springframework.web.servlet.FrameworkServlet.service(FrameworkServlet.java:812) [spring-webmvc-3.2.6.jar:3.2.6.RELEASE]
	at javax.servlet.http.HttpServlet.service(HttpServlet.java:723) [servlet-api.jar:na]
	at org.apache.catalina.core.ApplicationFilterChain.internalDoFilter(ApplicationFilterChain.java:290) [catalina.jar:6.0.39]
	at org.apache.catalina.core.ApplicationFilterChain.doFilter(ApplicationFilterChain.java:206) [catalina.jar:6.0.39]
	at com.jeecms.common.web.XssFilter.doFilter(XssFilter.java:50) [XssFilter.class:na]
	at org.apache.catalina.core.ApplicationFilterChain.internalDoFilter(ApplicationFilterChain.java:235) [catalina.jar:6.0.39]
	at org.apache.catalina.core.ApplicationFilterChain.doFilter(ApplicationFilterChain.java:206) [catalina.jar:6.0.39]
	at org.apache.shiro.web.servlet.AbstractShiroFilter.executeChain(AbstractShiroFilter.java:449) [shiro-web-1.2.2.jar:1.2.2]
	at org.apache.shiro.web.servlet.AbstractShiroFilter$1.call(AbstractShiroFilter.java:365) [shiro-web-1.2.2.jar:1.2.2]
	at org.apache.shiro.subject.support.SubjectCallable.doCall(SubjectCallable.java:90) [shiro-core-1.2.2.jar:1.2.2]
	at org.apache.shiro.subject.support.SubjectCallable.call(SubjectCallable.java:83) [shiro-core-1.2.2.jar:1.2.2]
	at org.apache.shiro.subject.support.DelegatingSubject.execute(DelegatingSubject.java:383) [shiro-core-1.2.2.jar:1.2.2]
	at org.apache.shiro.web.servlet.AbstractShiroFilter.doFilterInternal(AbstractShiroFilter.java:362) [shiro-web-1.2.2.jar:1.2.2]
	at org.apache.shiro.web.servlet.OncePerRequestFilter.doFilter(OncePerRequestFilter.java:125) [shiro-web-1.2.2.jar:1.2.2]
	at org.springframework.web.filter.DelegatingFilterProxy.invokeDelegate(DelegatingFilterProxy.java:343) [spring-web-3.2.6.jar:3.2.6.RELEASE]
	at org.springframework.web.filter.DelegatingFilterProxy.doFilter(DelegatingFilterProxy.java:260) [spring-web-3.2.6.jar:3.2.6.RELEASE]
	at org.apache.catalina.core.ApplicationFilterChain.internalDoFilter(ApplicationFilterChain.java:235) [catalina.jar:6.0.39]
	at org.apache.catalina.core.ApplicationFilterChain.doFilter(ApplicationFilterChain.java:206) [catalina.jar:6.0.39]
	at org.springframework.orm.hibernate3.support.OpenSessionInViewFilter.doFilterInternal(OpenSessionInViewFilter.java:230) [spring-orm-3.2.6.jar:3.2.6.RELEASE]
	at org.springframework.web.filter.OncePerRequestFilter.doFilter(OncePerRequestFilter.java:107) [spring-web-3.2.6.jar:3.2.6.RELEASE]
	at org.apache.catalina.core.ApplicationFilterChain.internalDoFilter(ApplicationFilterChain.java:235) [catalina.jar:6.0.39]
	at org.apache.catalina.core.ApplicationFilterChain.doFilter(ApplicationFilterChain.java:206) [catalina.jar:6.0.39]
	at org.springframework.web.filter.CharacterEncodingFilter.doFilterInternal(CharacterEncodingFilter.java:88) [spring-web-3.2.6.jar:3.2.6.RELEASE]
	at org.springframework.web.filter.OncePerRequestFilter.doFilter(OncePerRequestFilter.java:107) [spring-web-3.2.6.jar:3.2.6.RELEASE]
	at org.apache.catalina.core.ApplicationFilterChain.internalDoFilter(ApplicationFilterChain.java:235) [catalina.jar:6.0.39]
	at org.apache.catalina.core.ApplicationFilterChain.doFilter(ApplicationFilterChain.java:206) [catalina.jar:6.0.39]
	at com.jeecms.common.web.ProcessTimeFilter.doFilter(ProcessTimeFilter.java:35) [ProcessTimeFilter.class:na]
	at org.apache.catalina.core.ApplicationFilterChain.internalDoFilter(ApplicationFilterChain.java:235) [catalina.jar:6.0.39]
	at org.apache.catalina.core.ApplicationFilterChain.doFilter(ApplicationFilterChain.java:206) [catalina.jar:6.0.39]
	at org.apache.catalina.core.StandardWrapperValve.invoke(StandardWrapperValve.java:233) [catalina.jar:6.0.39]
	at org.apache.catalina.core.StandardContextValve.invoke(StandardContextValve.java:191) [catalina.jar:6.0.39]
	at org.apache.catalina.core.StandardHostValve.invoke(StandardHostValve.java:127) [catalina.jar:6.0.39]
	at org.apache.catalina.valves.ErrorReportValve.invoke(ErrorReportValve.java:103) [catalina.jar:6.0.39]
	at org.apache.catalina.core.StandardEngineValve.invoke(StandardEngineValve.java:109) [catalina.jar:6.0.39]
	at org.apache.catalina.connector.CoyoteAdapter.service(CoyoteAdapter.java:293) [catalina.jar:6.0.39]
	at org.apache.coyote.http11.Http11AprProcessor.process(Http11AprProcessor.java:879) [tomcat-coyote.jar:6.0.39]
	at org.apache.coyote.http11.Http11AprProtocol$Http11ConnectionHandler.process(Http11AprProtocol.java:617) [tomcat-coyote.jar:6.0.39]
	at org.apache.tomcat.util.net.AprEndpoint$Worker.run(AprEndpoint.java:1774) [tomcat-coyote.jar:6.0.39]
	at java.lang.Thread.run(Thread.java:662) [na:1.6.0_43]
23:35:09.489 [http-8080-1] ERROR freemarker.runtime - Error executing FreeMarker template
freemarker.core.InvalidReferenceException: The following has evaluated to null or missing:
==> a.attr.Starring  [in template "WEB-INF/t/cms/www/default/index/index.html" at line 167, column 38]

Tip: If the failing expression is known to be legally null/missing, either specify a default value with myOptionalVar!myDefault, or use [#if myOptionalVar??]when-present[#else]when-missing[/#if]. (These only cover the last step of the expression; to cover the whole expression, use parenthessis: (myOptionVar.foo)!myDefault, (myOptionVar.foo)??

The failing instruction (print stack trace for 1 more):
==> #if a.attr.Starring  [in template "WEB-INF/t/cms/www/default/index/index.html" at line 167, column 33]
	at freemarker.core.InvalidReferenceException.getInstance(InvalidReferenceException.java:98) ~[freemarker.jar:2.3.20]
	at freemarker.core.UnexpectedTypeException.newDesciptionBuilder(UnexpectedTypeException.java:41) ~[freemarker.jar:2.3.20]
	at freemarker.core.UnexpectedTypeException.<init>(UnexpectedTypeException.java:24) ~[freemarker.jar:2.3.20]
	at freemarker.core.NonBooleanException.<init>(NonBooleanException.java:81) ~[freemarker.jar:2.3.20]
	at freemarker.core.Expression.modelToBoolean(Expression.java:153) ~[freemarker.jar:2.3.20]
	at freemarker.core.Expression.evalToBoolean(Expression.java:144) ~[freemarker.jar:2.3.20]
	at freemarker.core.ConditionalBlock.accept(ConditionalBlock.java:84) ~[freemarker.jar:2.3.20]
	at freemarker.core.Environment.visit(Environment.java:265) [freemarker.jar:2.3.20]
	at freemarker.core.MixedContent.accept(MixedContent.java:93) [freemarker.jar:2.3.20]
	at freemarker.core.Environment.visitByHiddingParent(Environment.java:286) [freemarker.jar:2.3.20]
	at freemarker.core.IteratorBlock$Context.runLoop(IteratorBlock.java:193) [freemarker.jar:2.3.20]
	at freemarker.core.Environment.visitIteratorBlock(Environment.java:509) [freemarker.jar:2.3.20]
	at freemarker.core.IteratorBlock.accept(IteratorBlock.java:103) [freemarker.jar:2.3.20]
	at freemarker.core.Environment.visit(Environment.java:265) [freemarker.jar:2.3.20]
	at freemarker.core.Environment$1.render(Environment.java:313) [freemarker.jar:2.3.20]
	at com.jeecms.cms.action.directive.ContentListDirective.execute(ContentListDirective.java:115) [ContentListDirective.class:na]
	at freemarker.core.Environment.visit(Environment.java:341) [freemarker.jar:2.3.20]
	at freemarker.core.UnifiedCall.accept(UnifiedCall.java:136) [freemarker.jar:2.3.20]
	at freemarker.core.Environment.visit(Environment.java:265) [freemarker.jar:2.3.20]
	at freemarker.core.MixedContent.accept(MixedContent.java:93) [freemarker.jar:2.3.20]
	at freemarker.core.Environment.visit(Environment.java:265) [freemarker.jar:2.3.20]
	at freemarker.core.Environment.process(Environment.java:243) [freemarker.jar:2.3.20]
	at freemarker.template.Template.process(Template.java:277) [freemarker.jar:2.3.20]
	at com.jeecms.common.web.springmvc.SimpleFreeMarkerView.renderMergedTemplateModel(SimpleFreeMarkerView.java:111) [SimpleFreeMarkerView.class:na]
	at org.springframework.web.servlet.view.AbstractTemplateView.renderMergedOutputModel(AbstractTemplateView.java:167) [spring-webmvc-3.2.6.jar:3.2.6.RELEASE]
	at org.springframework.web.servlet.view.AbstractView.render(AbstractView.java:263) [spring-webmvc-3.2.6.jar:3.2.6.RELEASE]
	at org.springframework.web.servlet.DispatcherServlet.render(DispatcherServlet.java:1208) [spring-webmvc-3.2.6.jar:3.2.6.RELEASE]
	at org.springframework.web.servlet.DispatcherServlet.processDispatchResult(DispatcherServlet.java:992) [spring-webmvc-3.2.6.jar:3.2.6.RELEASE]
	at org.springframework.web.servlet.DispatcherServlet.doDispatch(DispatcherServlet.java:939) [spring-webmvc-3.2.6.jar:3.2.6.RELEASE]
	at org.springframework.web.servlet.DispatcherServlet.doService(DispatcherServlet.java:856) [spring-webmvc-3.2.6.jar:3.2.6.RELEASE]
	at org.springframework.web.servlet.FrameworkServlet.processRequest(FrameworkServlet.java:936) [spring-webmvc-3.2.6.jar:3.2.6.RELEASE]
	at org.springframework.web.servlet.FrameworkServlet.doGet(FrameworkServlet.java:827) [spring-webmvc-3.2.6.jar:3.2.6.RELEASE]
	at javax.servlet.http.HttpServlet.service(HttpServlet.java:617) [servlet-api.jar:na]
	at org.springframework.web.servlet.FrameworkServlet.service(FrameworkServlet.java:812) [spring-webmvc-3.2.6.jar:3.2.6.RELEASE]
	at javax.servlet.http.HttpServlet.service(HttpServlet.java:723) [servlet-api.jar:na]
	at org.apache.catalina.core.ApplicationFilterChain.internalDoFilter(ApplicationFilterChain.java:290) [catalina.jar:6.0.39]
	at org.apache.catalina.core.ApplicationFilterChain.doFilter(ApplicationFilterChain.java:206) [catalina.jar:6.0.39]
	at com.jeecms.common.web.XssFilter.doFilter(XssFilter.java:50) [XssFilter.class:na]
	at org.apache.catalina.core.ApplicationFilterChain.internalDoFilter(ApplicationFilterChain.java:235) [catalina.jar:6.0.39]
	at org.apache.catalina.core.ApplicationFilterChain.doFilter(ApplicationFilterChain.java:206) [catalina.jar:6.0.39]
	at org.apache.shiro.web.servlet.AbstractShiroFilter.executeChain(AbstractShiroFilter.java:449) [shiro-web-1.2.2.jar:1.2.2]
	at org.apache.shiro.web.servlet.AbstractShiroFilter$1.call(AbstractShiroFilter.java:365) [shiro-web-1.2.2.jar:1.2.2]
	at org.apache.shiro.subject.support.SubjectCallable.doCall(SubjectCallable.java:90) [shiro-core-1.2.2.jar:1.2.2]
	at org.apache.shiro.subject.support.SubjectCallable.call(SubjectCallable.java:83) [shiro-core-1.2.2.jar:1.2.2]
	at org.apache.shiro.subject.support.DelegatingSubject.execute(DelegatingSubject.java:383) [shiro-core-1.2.2.jar:1.2.2]
	at org.apache.shiro.web.servlet.AbstractShiroFilter.doFilterInternal(AbstractShiroFilter.java:362) [shiro-web-1.2.2.jar:1.2.2]
	at org.apache.shiro.web.servlet.OncePerRequestFilter.doFilter(OncePerRequestFilter.java:125) [shiro-web-1.2.2.jar:1.2.2]
	at org.springframework.web.filter.DelegatingFilterProxy.invokeDelegate(DelegatingFilterProxy.java:343) [spring-web-3.2.6.jar:3.2.6.RELEASE]
	at org.springframework.web.filter.DelegatingFilterProxy.doFilter(DelegatingFilterProxy.java:260) [spring-web-3.2.6.jar:3.2.6.RELEASE]
	at org.apache.catalina.core.ApplicationFilterChain.internalDoFilter(ApplicationFilterChain.java:235) [catalina.jar:6.0.39]
	at org.apache.catalina.core.ApplicationFilterChain.doFilter(ApplicationFilterChain.java:206) [catalina.jar:6.0.39]
	at org.springframework.orm.hibernate3.support.OpenSessionInViewFilter.doFilterInternal(OpenSessionInViewFilter.java:230) [spring-orm-3.2.6.jar:3.2.6.RELEASE]
	at org.springframework.web.filter.OncePerRequestFilter.doFilter(OncePerRequestFilter.java:107) [spring-web-3.2.6.jar:3.2.6.RELEASE]
	at org.apache.catalina.core.ApplicationFilterChain.internalDoFilter(ApplicationFilterChain.java:235) [catalina.jar:6.0.39]
	at org.apache.catalina.core.ApplicationFilterChain.doFilter(ApplicationFilterChain.java:206) [catalina.jar:6.0.39]
	at org.springframework.web.filter.CharacterEncodingFilter.doFilterInternal(CharacterEncodingFilter.java:88) [spring-web-3.2.6.jar:3.2.6.RELEASE]
	at org.springframework.web.filter.OncePerRequestFilter.doFilter(OncePerRequestFilter.java:107) [spring-web-3.2.6.jar:3.2.6.RELEASE]
	at org.apache.catalina.core.ApplicationFilterChain.internalDoFilter(ApplicationFilterChain.java:235) [catalina.jar:6.0.39]
	at org.apache.catalina.core.ApplicationFilterChain.doFilter(ApplicationFilterChain.java:206) [catalina.jar:6.0.39]
	at com.jeecms.common.web.ProcessTimeFilter.doFilter(ProcessTimeFilter.java:35) [ProcessTimeFilter.class:na]
	at org.apache.catalina.core.ApplicationFilterChain.internalDoFilter(ApplicationFilterChain.java:235) [catalina.jar:6.0.39]
	at org.apache.catalina.core.ApplicationFilterChain.doFilter(ApplicationFilterChain.java:206) [catalina.jar:6.0.39]
	at org.apache.catalina.core.StandardWrapperValve.invoke(StandardWrapperValve.java:233) [catalina.jar:6.0.39]
	at org.apache.catalina.core.StandardContextValve.invoke(StandardContextValve.java:191) [catalina.jar:6.0.39]
	at org.apache.catalina.core.StandardHostValve.invoke(StandardHostValve.java:127) [catalina.jar:6.0.39]
	at org.apache.catalina.valves.ErrorReportValve.invoke(ErrorReportValve.java:103) [catalina.jar:6.0.39]
	at org.apache.catalina.core.StandardEngineValve.invoke(StandardEngineValve.java:109) [catalina.jar:6.0.39]
	at org.apache.catalina.connector.CoyoteAdapter.service(CoyoteAdapter.java:293) [catalina.jar:6.0.39]
	at org.apache.coyote.http11.Http11AprProcessor.process(Http11AprProcessor.java:879) [tomcat-coyote.jar:6.0.39]
	at org.apache.coyote.http11.Http11AprProtocol$Http11ConnectionHandler.process(Http11AprProtocol.java:617) [tomcat-coyote.jar:6.0.39]
	at org.apache.tomcat.util.net.AprEndpoint$Worker.run(AprEndpoint.java:1774) [tomcat-coyote.jar:6.0.39]
	at java.lang.Thread.run(Thread.java:662) [na:1.6.0_43]
23:38:35.664 [http-8080-1] ERROR freemarker.runtime - Error executing FreeMarker template
freemarker.core.InvalidReferenceException: The following has evaluated to null or missing:
==> a.attr.Starring  [in template "WEB-INF/t/cms/www/default/index/index.html" at line 167, column 38]

Tip: If the failing expression is known to be legally null/missing, either specify a default value with myOptionalVar!myDefault, or use [#if myOptionalVar??]when-present[#else]when-missing[/#if]. (These only cover the last step of the expression; to cover the whole expression, use parenthessis: (myOptionVar.foo)!myDefault, (myOptionVar.foo)??

The failing instruction (print stack trace for 1 more):
==> #if a.attr.Starring  [in template "WEB-INF/t/cms/www/default/index/index.html" at line 167, column 33]
	at freemarker.core.InvalidReferenceException.getInstance(InvalidReferenceException.java:98) ~[freemarker.jar:2.3.20]
	at freemarker.core.UnexpectedTypeException.newDesciptionBuilder(UnexpectedTypeException.java:41) ~[freemarker.jar:2.3.20]
	at freemarker.core.UnexpectedTypeException.<init>(UnexpectedTypeException.java:24) ~[freemarker.jar:2.3.20]
	at freemarker.core.NonBooleanException.<init>(NonBooleanException.java:81) ~[freemarker.jar:2.3.20]
	at freemarker.core.Expression.modelToBoolean(Expression.java:153) ~[freemarker.jar:2.3.20]
	at freemarker.core.Expression.evalToBoolean(Expression.java:144) ~[freemarker.jar:2.3.20]
	at freemarker.core.ConditionalBlock.accept(ConditionalBlock.java:84) ~[freemarker.jar:2.3.20]
	at freemarker.core.Environment.visit(Environment.java:265) [freemarker.jar:2.3.20]
	at freemarker.core.MixedContent.accept(MixedContent.java:93) [freemarker.jar:2.3.20]
	at freemarker.core.Environment.visitByHiddingParent(Environment.java:286) [freemarker.jar:2.3.20]
	at freemarker.core.IteratorBlock$Context.runLoop(IteratorBlock.java:193) [freemarker.jar:2.3.20]
	at freemarker.core.Environment.visitIteratorBlock(Environment.java:509) [freemarker.jar:2.3.20]
	at freemarker.core.IteratorBlock.accept(IteratorBlock.java:103) [freemarker.jar:2.3.20]
	at freemarker.core.Environment.visit(Environment.java:265) [freemarker.jar:2.3.20]
	at freemarker.core.Environment$1.render(Environment.java:313) [freemarker.jar:2.3.20]
	at com.jeecms.cms.action.directive.ContentListDirective.execute(ContentListDirective.java:115) [ContentListDirective.class:na]
	at freemarker.core.Environment.visit(Environment.java:341) [freemarker.jar:2.3.20]
	at freemarker.core.UnifiedCall.accept(UnifiedCall.java:136) [freemarker.jar:2.3.20]
	at freemarker.core.Environment.visit(Environment.java:265) [freemarker.jar:2.3.20]
	at freemarker.core.MixedContent.accept(MixedContent.java:93) [freemarker.jar:2.3.20]
	at freemarker.core.Environment.visit(Environment.java:265) [freemarker.jar:2.3.20]
	at freemarker.core.Environment.process(Environment.java:243) [freemarker.jar:2.3.20]
	at freemarker.template.Template.process(Template.java:277) [freemarker.jar:2.3.20]
	at com.jeecms.common.web.springmvc.SimpleFreeMarkerView.renderMergedTemplateModel(SimpleFreeMarkerView.java:111) [SimpleFreeMarkerView.class:na]
	at org.springframework.web.servlet.view.AbstractTemplateView.renderMergedOutputModel(AbstractTemplateView.java:167) [spring-webmvc-3.2.6.jar:3.2.6.RELEASE]
	at org.springframework.web.servlet.view.AbstractView.render(AbstractView.java:263) [spring-webmvc-3.2.6.jar:3.2.6.RELEASE]
	at org.springframework.web.servlet.DispatcherServlet.render(DispatcherServlet.java:1208) [spring-webmvc-3.2.6.jar:3.2.6.RELEASE]
	at org.springframework.web.servlet.DispatcherServlet.processDispatchResult(DispatcherServlet.java:992) [spring-webmvc-3.2.6.jar:3.2.6.RELEASE]
	at org.springframework.web.servlet.DispatcherServlet.doDispatch(DispatcherServlet.java:939) [spring-webmvc-3.2.6.jar:3.2.6.RELEASE]
	at org.springframework.web.servlet.DispatcherServlet.doService(DispatcherServlet.java:856) [spring-webmvc-3.2.6.jar:3.2.6.RELEASE]
	at org.springframework.web.servlet.FrameworkServlet.processRequest(FrameworkServlet.java:936) [spring-webmvc-3.2.6.jar:3.2.6.RELEASE]
	at org.springframework.web.servlet.FrameworkServlet.doGet(FrameworkServlet.java:827) [spring-webmvc-3.2.6.jar:3.2.6.RELEASE]
	at javax.servlet.http.HttpServlet.service(HttpServlet.java:617) [servlet-api.jar:na]
	at org.springframework.web.servlet.FrameworkServlet.service(FrameworkServlet.java:812) [spring-webmvc-3.2.6.jar:3.2.6.RELEASE]
	at javax.servlet.http.HttpServlet.service(HttpServlet.java:723) [servlet-api.jar:na]
	at org.apache.catalina.core.ApplicationFilterChain.internalDoFilter(ApplicationFilterChain.java:290) [catalina.jar:6.0.39]
	at org.apache.catalina.core.ApplicationFilterChain.doFilter(ApplicationFilterChain.java:206) [catalina.jar:6.0.39]
	at com.jeecms.common.web.XssFilter.doFilter(XssFilter.java:50) [XssFilter.class:na]
	at org.apache.catalina.core.ApplicationFilterChain.internalDoFilter(ApplicationFilterChain.java:235) [catalina.jar:6.0.39]
	at org.apache.catalina.core.ApplicationFilterChain.doFilter(ApplicationFilterChain.java:206) [catalina.jar:6.0.39]
	at org.apache.shiro.web.servlet.AbstractShiroFilter.executeChain(AbstractShiroFilter.java:449) [shiro-web-1.2.2.jar:1.2.2]
	at org.apache.shiro.web.servlet.AbstractShiroFilter$1.call(AbstractShiroFilter.java:365) [shiro-web-1.2.2.jar:1.2.2]
	at org.apache.shiro.subject.support.SubjectCallable.doCall(SubjectCallable.java:90) [shiro-core-1.2.2.jar:1.2.2]
	at org.apache.shiro.subject.support.SubjectCallable.call(SubjectCallable.java:83) [shiro-core-1.2.2.jar:1.2.2]
	at org.apache.shiro.subject.support.DelegatingSubject.execute(DelegatingSubject.java:383) [shiro-core-1.2.2.jar:1.2.2]
	at org.apache.shiro.web.servlet.AbstractShiroFilter.doFilterInternal(AbstractShiroFilter.java:362) [shiro-web-1.2.2.jar:1.2.2]
	at org.apache.shiro.web.servlet.OncePerRequestFilter.doFilter(OncePerRequestFilter.java:125) [shiro-web-1.2.2.jar:1.2.2]
	at org.springframework.web.filter.DelegatingFilterProxy.invokeDelegate(DelegatingFilterProxy.java:343) [spring-web-3.2.6.jar:3.2.6.RELEASE]
	at org.springframework.web.filter.DelegatingFilterProxy.doFilter(DelegatingFilterProxy.java:260) [spring-web-3.2.6.jar:3.2.6.RELEASE]
	at org.apache.catalina.core.ApplicationFilterChain.internalDoFilter(ApplicationFilterChain.java:235) [catalina.jar:6.0.39]
	at org.apache.catalina.core.ApplicationFilterChain.doFilter(ApplicationFilterChain.java:206) [catalina.jar:6.0.39]
	at org.springframework.orm.hibernate3.support.OpenSessionInViewFilter.doFilterInternal(OpenSessionInViewFilter.java:230) [spring-orm-3.2.6.jar:3.2.6.RELEASE]
	at org.springframework.web.filter.OncePerRequestFilter.doFilter(OncePerRequestFilter.java:107) [spring-web-3.2.6.jar:3.2.6.RELEASE]
	at org.apache.catalina.core.ApplicationFilterChain.internalDoFilter(ApplicationFilterChain.java:235) [catalina.jar:6.0.39]
	at org.apache.catalina.core.ApplicationFilterChain.doFilter(ApplicationFilterChain.java:206) [catalina.jar:6.0.39]
	at org.springframework.web.filter.CharacterEncodingFilter.doFilterInternal(CharacterEncodingFilter.java:88) [spring-web-3.2.6.jar:3.2.6.RELEASE]
	at org.springframework.web.filter.OncePerRequestFilter.doFilter(OncePerRequestFilter.java:107) [spring-web-3.2.6.jar:3.2.6.RELEASE]
	at org.apache.catalina.core.ApplicationFilterChain.internalDoFilter(ApplicationFilterChain.java:235) [catalina.jar:6.0.39]
	at org.apache.catalina.core.ApplicationFilterChain.doFilter(ApplicationFilterChain.java:206) [catalina.jar:6.0.39]
	at com.jeecms.common.web.ProcessTimeFilter.doFilter(ProcessTimeFilter.java:35) [ProcessTimeFilter.class:na]
	at org.apache.catalina.core.ApplicationFilterChain.internalDoFilter(ApplicationFilterChain.java:235) [catalina.jar:6.0.39]
	at org.apache.catalina.core.ApplicationFilterChain.doFilter(ApplicationFilterChain.java:206) [catalina.jar:6.0.39]
	at org.apache.catalina.core.StandardWrapperValve.invoke(StandardWrapperValve.java:233) [catalina.jar:6.0.39]
	at org.apache.catalina.core.StandardContextValve.invoke(StandardContextValve.java:191) [catalina.jar:6.0.39]
	at org.apache.catalina.core.StandardHostValve.invoke(StandardHostValve.java:127) [catalina.jar:6.0.39]
	at org.apache.catalina.valves.ErrorReportValve.invoke(ErrorReportValve.java:103) [catalina.jar:6.0.39]
	at org.apache.catalina.core.StandardEngineValve.invoke(StandardEngineValve.java:109) [catalina.jar:6.0.39]
	at org.apache.catalina.connector.CoyoteAdapter.service(CoyoteAdapter.java:293) [catalina.jar:6.0.39]
	at org.apache.coyote.http11.Http11AprProcessor.process(Http11AprProcessor.java:879) [tomcat-coyote.jar:6.0.39]
	at org.apache.coyote.http11.Http11AprProtocol$Http11ConnectionHandler.process(Http11AprProtocol.java:617) [tomcat-coyote.jar:6.0.39]
	at org.apache.tomcat.util.net.AprEndpoint$Worker.run(AprEndpoint.java:1774) [tomcat-coyote.jar:6.0.39]
	at java.lang.Thread.run(Thread.java:662) [na:1.6.0_43]
23:38:35.664 [http-8080-2] ERROR freemarker.runtime - Error executing FreeMarker template
freemarker.core.InvalidReferenceException: The following has evaluated to null or missing:
==> a.attr.Starring  [in template "WEB-INF/t/cms/www/default/index/index.html" at line 167, column 38]

Tip: If the failing expression is known to be legally null/missing, either specify a default value with myOptionalVar!myDefault, or use [#if myOptionalVar??]when-present[#else]when-missing[/#if]. (These only cover the last step of the expression; to cover the whole expression, use parenthessis: (myOptionVar.foo)!myDefault, (myOptionVar.foo)??

The failing instruction (print stack trace for 1 more):
==> #if a.attr.Starring  [in template "WEB-INF/t/cms/www/default/index/index.html" at line 167, column 33]
	at freemarker.core.InvalidReferenceException.getInstance(InvalidReferenceException.java:98) ~[freemarker.jar:2.3.20]
	at freemarker.core.UnexpectedTypeException.newDesciptionBuilder(UnexpectedTypeException.java:41) ~[freemarker.jar:2.3.20]
	at freemarker.core.UnexpectedTypeException.<init>(UnexpectedTypeException.java:24) ~[freemarker.jar:2.3.20]
	at freemarker.core.NonBooleanException.<init>(NonBooleanException.java:81) ~[freemarker.jar:2.3.20]
	at freemarker.core.Expression.modelToBoolean(Expression.java:153) ~[freemarker.jar:2.3.20]
	at freemarker.core.Expression.evalToBoolean(Expression.java:144) ~[freemarker.jar:2.3.20]
	at freemarker.core.ConditionalBlock.accept(ConditionalBlock.java:84) ~[freemarker.jar:2.3.20]
	at freemarker.core.Environment.visit(Environment.java:265) [freemarker.jar:2.3.20]
	at freemarker.core.MixedContent.accept(MixedContent.java:93) [freemarker.jar:2.3.20]
	at freemarker.core.Environment.visitByHiddingParent(Environment.java:286) [freemarker.jar:2.3.20]
	at freemarker.core.IteratorBlock$Context.runLoop(IteratorBlock.java:193) [freemarker.jar:2.3.20]
	at freemarker.core.Environment.visitIteratorBlock(Environment.java:509) [freemarker.jar:2.3.20]
	at freemarker.core.IteratorBlock.accept(IteratorBlock.java:103) [freemarker.jar:2.3.20]
	at freemarker.core.Environment.visit(Environment.java:265) [freemarker.jar:2.3.20]
	at freemarker.core.Environment$1.render(Environment.java:313) [freemarker.jar:2.3.20]
	at com.jeecms.cms.action.directive.ContentListDirective.execute(ContentListDirective.java:115) [ContentListDirective.class:na]
	at freemarker.core.Environment.visit(Environment.java:341) [freemarker.jar:2.3.20]
	at freemarker.core.UnifiedCall.accept(UnifiedCall.java:136) [freemarker.jar:2.3.20]
	at freemarker.core.Environment.visit(Environment.java:265) [freemarker.jar:2.3.20]
	at freemarker.core.MixedContent.accept(MixedContent.java:93) [freemarker.jar:2.3.20]
	at freemarker.core.Environment.visit(Environment.java:265) [freemarker.jar:2.3.20]
	at freemarker.core.Environment.process(Environment.java:243) [freemarker.jar:2.3.20]
	at freemarker.template.Template.process(Template.java:277) [freemarker.jar:2.3.20]
	at com.jeecms.common.web.springmvc.SimpleFreeMarkerView.renderMergedTemplateModel(SimpleFreeMarkerView.java:111) [SimpleFreeMarkerView.class:na]
	at org.springframework.web.servlet.view.AbstractTemplateView.renderMergedOutputModel(AbstractTemplateView.java:167) [spring-webmvc-3.2.6.jar:3.2.6.RELEASE]
	at org.springframework.web.servlet.view.AbstractView.render(AbstractView.java:263) [spring-webmvc-3.2.6.jar:3.2.6.RELEASE]
	at org.springframework.web.servlet.DispatcherServlet.render(DispatcherServlet.java:1208) [spring-webmvc-3.2.6.jar:3.2.6.RELEASE]
	at org.springframework.web.servlet.DispatcherServlet.processDispatchResult(DispatcherServlet.java:992) [spring-webmvc-3.2.6.jar:3.2.6.RELEASE]
	at org.springframework.web.servlet.DispatcherServlet.doDispatch(DispatcherServlet.java:939) [spring-webmvc-3.2.6.jar:3.2.6.RELEASE]
	at org.springframework.web.servlet.DispatcherServlet.doService(DispatcherServlet.java:856) [spring-webmvc-3.2.6.jar:3.2.6.RELEASE]
	at org.springframework.web.servlet.FrameworkServlet.processRequest(FrameworkServlet.java:936) [spring-webmvc-3.2.6.jar:3.2.6.RELEASE]
	at org.springframework.web.servlet.FrameworkServlet.doGet(FrameworkServlet.java:827) [spring-webmvc-3.2.6.jar:3.2.6.RELEASE]
	at javax.servlet.http.HttpServlet.service(HttpServlet.java:617) [servlet-api.jar:na]
	at org.springframework.web.servlet.FrameworkServlet.service(FrameworkServlet.java:812) [spring-webmvc-3.2.6.jar:3.2.6.RELEASE]
	at javax.servlet.http.HttpServlet.service(HttpServlet.java:723) [servlet-api.jar:na]
	at org.apache.catalina.core.ApplicationFilterChain.internalDoFilter(ApplicationFilterChain.java:290) [catalina.jar:6.0.39]
	at org.apache.catalina.core.ApplicationFilterChain.doFilter(ApplicationFilterChain.java:206) [catalina.jar:6.0.39]
	at com.jeecms.common.web.XssFilter.doFilter(XssFilter.java:50) [XssFilter.class:na]
	at org.apache.catalina.core.ApplicationFilterChain.internalDoFilter(ApplicationFilterChain.java:235) [catalina.jar:6.0.39]
	at org.apache.catalina.core.ApplicationFilterChain.doFilter(ApplicationFilterChain.java:206) [catalina.jar:6.0.39]
	at org.apache.shiro.web.servlet.AbstractShiroFilter.executeChain(AbstractShiroFilter.java:449) [shiro-web-1.2.2.jar:1.2.2]
	at org.apache.shiro.web.servlet.AbstractShiroFilter$1.call(AbstractShiroFilter.java:365) [shiro-web-1.2.2.jar:1.2.2]
	at org.apache.shiro.subject.support.SubjectCallable.doCall(SubjectCallable.java:90) [shiro-core-1.2.2.jar:1.2.2]
	at org.apache.shiro.subject.support.SubjectCallable.call(SubjectCallable.java:83) [shiro-core-1.2.2.jar:1.2.2]
	at org.apache.shiro.subject.support.DelegatingSubject.execute(DelegatingSubject.java:383) [shiro-core-1.2.2.jar:1.2.2]
	at org.apache.shiro.web.servlet.AbstractShiroFilter.doFilterInternal(AbstractShiroFilter.java:362) [shiro-web-1.2.2.jar:1.2.2]
	at org.apache.shiro.web.servlet.OncePerRequestFilter.doFilter(OncePerRequestFilter.java:125) [shiro-web-1.2.2.jar:1.2.2]
	at org.springframework.web.filter.DelegatingFilterProxy.invokeDelegate(DelegatingFilterProxy.java:343) [spring-web-3.2.6.jar:3.2.6.RELEASE]
	at org.springframework.web.filter.DelegatingFilterProxy.doFilter(DelegatingFilterProxy.java:260) [spring-web-3.2.6.jar:3.2.6.RELEASE]
	at org.apache.catalina.core.ApplicationFilterChain.internalDoFilter(ApplicationFilterChain.java:235) [catalina.jar:6.0.39]
	at org.apache.catalina.core.ApplicationFilterChain.doFilter(ApplicationFilterChain.java:206) [catalina.jar:6.0.39]
	at org.springframework.orm.hibernate3.support.OpenSessionInViewFilter.doFilterInternal(OpenSessionInViewFilter.java:230) [spring-orm-3.2.6.jar:3.2.6.RELEASE]
	at org.springframework.web.filter.OncePerRequestFilter.doFilter(OncePerRequestFilter.java:107) [spring-web-3.2.6.jar:3.2.6.RELEASE]
	at org.apache.catalina.core.ApplicationFilterChain.internalDoFilter(ApplicationFilterChain.java:235) [catalina.jar:6.0.39]
	at org.apache.catalina.core.ApplicationFilterChain.doFilter(ApplicationFilterChain.java:206) [catalina.jar:6.0.39]
	at org.springframework.web.filter.CharacterEncodingFilter.doFilterInternal(CharacterEncodingFilter.java:88) [spring-web-3.2.6.jar:3.2.6.RELEASE]
	at org.springframework.web.filter.OncePerRequestFilter.doFilter(OncePerRequestFilter.java:107) [spring-web-3.2.6.jar:3.2.6.RELEASE]
	at org.apache.catalina.core.ApplicationFilterChain.internalDoFilter(ApplicationFilterChain.java:235) [catalina.jar:6.0.39]
	at org.apache.catalina.core.ApplicationFilterChain.doFilter(ApplicationFilterChain.java:206) [catalina.jar:6.0.39]
	at com.jeecms.common.web.ProcessTimeFilter.doFilter(ProcessTimeFilter.java:35) [ProcessTimeFilter.class:na]
	at org.apache.catalina.core.ApplicationFilterChain.internalDoFilter(ApplicationFilterChain.java:235) [catalina.jar:6.0.39]
	at org.apache.catalina.core.ApplicationFilterChain.doFilter(ApplicationFilterChain.java:206) [catalina.jar:6.0.39]
	at org.apache.catalina.core.StandardWrapperValve.invoke(StandardWrapperValve.java:233) [catalina.jar:6.0.39]
	at org.apache.catalina.core.StandardContextValve.invoke(StandardContextValve.java:191) [catalina.jar:6.0.39]
	at org.apache.catalina.core.StandardHostValve.invoke(StandardHostValve.java:127) [catalina.jar:6.0.39]
	at org.apache.catalina.valves.ErrorReportValve.invoke(ErrorReportValve.java:103) [catalina.jar:6.0.39]
	at org.apache.catalina.core.StandardEngineValve.invoke(StandardEngineValve.java:109) [catalina.jar:6.0.39]
	at org.apache.catalina.connector.CoyoteAdapter.service(CoyoteAdapter.java:293) [catalina.jar:6.0.39]
	at org.apache.coyote.http11.Http11AprProcessor.process(Http11AprProcessor.java:879) [tomcat-coyote.jar:6.0.39]
	at org.apache.coyote.http11.Http11AprProtocol$Http11ConnectionHandler.process(Http11AprProtocol.java:617) [tomcat-coyote.jar:6.0.39]
	at org.apache.tomcat.util.net.AprEndpoint$Worker.run(AprEndpoint.java:1774) [tomcat-coyote.jar:6.0.39]
	at java.lang.Thread.run(Thread.java:662) [na:1.6.0_43]
23:38:36.019 [http-8080-1] ERROR freemarker.runtime - Error executing FreeMarker template
freemarker.core.InvalidReferenceException: The following has evaluated to null or missing:
==> a.attr.Starring  [in template "WEB-INF/t/cms/www/default/index/index.html" at line 167, column 38]

Tip: If the failing expression is known to be legally null/missing, either specify a default value with myOptionalVar!myDefault, or use [#if myOptionalVar??]when-present[#else]when-missing[/#if]. (These only cover the last step of the expression; to cover the whole expression, use parenthessis: (myOptionVar.foo)!myDefault, (myOptionVar.foo)??

The failing instruction (print stack trace for 1 more):
==> #if a.attr.Starring  [in template "WEB-INF/t/cms/www/default/index/index.html" at line 167, column 33]
	at freemarker.core.InvalidReferenceException.getInstance(InvalidReferenceException.java:98) ~[freemarker.jar:2.3.20]
	at freemarker.core.UnexpectedTypeException.newDesciptionBuilder(UnexpectedTypeException.java:41) ~[freemarker.jar:2.3.20]
	at freemarker.core.UnexpectedTypeException.<init>(UnexpectedTypeException.java:24) ~[freemarker.jar:2.3.20]
	at freemarker.core.NonBooleanException.<init>(NonBooleanException.java:81) ~[freemarker.jar:2.3.20]
	at freemarker.core.Expression.modelToBoolean(Expression.java:153) ~[freemarker.jar:2.3.20]
	at freemarker.core.Expression.evalToBoolean(Expression.java:144) ~[freemarker.jar:2.3.20]
	at freemarker.core.ConditionalBlock.accept(ConditionalBlock.java:84) ~[freemarker.jar:2.3.20]
	at freemarker.core.Environment.visit(Environment.java:265) [freemarker.jar:2.3.20]
	at freemarker.core.MixedContent.accept(MixedContent.java:93) [freemarker.jar:2.3.20]
	at freemarker.core.Environment.visitByHiddingParent(Environment.java:286) [freemarker.jar:2.3.20]
	at freemarker.core.IteratorBlock$Context.runLoop(IteratorBlock.java:193) [freemarker.jar:2.3.20]
	at freemarker.core.Environment.visitIteratorBlock(Environment.java:509) [freemarker.jar:2.3.20]
	at freemarker.core.IteratorBlock.accept(IteratorBlock.java:103) [freemarker.jar:2.3.20]
	at freemarker.core.Environment.visit(Environment.java:265) [freemarker.jar:2.3.20]
	at freemarker.core.Environment$1.render(Environment.java:313) [freemarker.jar:2.3.20]
	at com.jeecms.cms.action.directive.ContentListDirective.execute(ContentListDirective.java:115) [ContentListDirective.class:na]
	at freemarker.core.Environment.visit(Environment.java:341) [freemarker.jar:2.3.20]
	at freemarker.core.UnifiedCall.accept(UnifiedCall.java:136) [freemarker.jar:2.3.20]
	at freemarker.core.Environment.visit(Environment.java:265) [freemarker.jar:2.3.20]
	at freemarker.core.MixedContent.accept(MixedContent.java:93) [freemarker.jar:2.3.20]
	at freemarker.core.Environment.visit(Environment.java:265) [freemarker.jar:2.3.20]
	at freemarker.core.Environment.process(Environment.java:243) [freemarker.jar:2.3.20]
	at freemarker.template.Template.process(Template.java:277) [freemarker.jar:2.3.20]
	at com.jeecms.common.web.springmvc.SimpleFreeMarkerView.renderMergedTemplateModel(SimpleFreeMarkerView.java:111) [SimpleFreeMarkerView.class:na]
	at org.springframework.web.servlet.view.AbstractTemplateView.renderMergedOutputModel(AbstractTemplateView.java:167) [spring-webmvc-3.2.6.jar:3.2.6.RELEASE]
	at org.springframework.web.servlet.view.AbstractView.render(AbstractView.java:263) [spring-webmvc-3.2.6.jar:3.2.6.RELEASE]
	at org.springframework.web.servlet.DispatcherServlet.render(DispatcherServlet.java:1208) [spring-webmvc-3.2.6.jar:3.2.6.RELEASE]
	at org.springframework.web.servlet.DispatcherServlet.processDispatchResult(DispatcherServlet.java:992) [spring-webmvc-3.2.6.jar:3.2.6.RELEASE]
	at org.springframework.web.servlet.DispatcherServlet.doDispatch(DispatcherServlet.java:939) [spring-webmvc-3.2.6.jar:3.2.6.RELEASE]
	at org.springframework.web.servlet.DispatcherServlet.doService(DispatcherServlet.java:856) [spring-webmvc-3.2.6.jar:3.2.6.RELEASE]
	at org.springframework.web.servlet.FrameworkServlet.processRequest(FrameworkServlet.java:936) [spring-webmvc-3.2.6.jar:3.2.6.RELEASE]
	at org.springframework.web.servlet.FrameworkServlet.doGet(FrameworkServlet.java:827) [spring-webmvc-3.2.6.jar:3.2.6.RELEASE]
	at javax.servlet.http.HttpServlet.service(HttpServlet.java:617) [servlet-api.jar:na]
	at org.springframework.web.servlet.FrameworkServlet.service(FrameworkServlet.java:812) [spring-webmvc-3.2.6.jar:3.2.6.RELEASE]
	at javax.servlet.http.HttpServlet.service(HttpServlet.java:723) [servlet-api.jar:na]
	at org.apache.catalina.core.ApplicationFilterChain.internalDoFilter(ApplicationFilterChain.java:290) [catalina.jar:6.0.39]
	at org.apache.catalina.core.ApplicationFilterChain.doFilter(ApplicationFilterChain.java:206) [catalina.jar:6.0.39]
	at com.jeecms.common.web.XssFilter.doFilter(XssFilter.java:50) [XssFilter.class:na]
	at org.apache.catalina.core.ApplicationFilterChain.internalDoFilter(ApplicationFilterChain.java:235) [catalina.jar:6.0.39]
	at org.apache.catalina.core.ApplicationFilterChain.doFilter(ApplicationFilterChain.java:206) [catalina.jar:6.0.39]
	at org.apache.shiro.web.servlet.AbstractShiroFilter.executeChain(AbstractShiroFilter.java:449) [shiro-web-1.2.2.jar:1.2.2]
	at org.apache.shiro.web.servlet.AbstractShiroFilter$1.call(AbstractShiroFilter.java:365) [shiro-web-1.2.2.jar:1.2.2]
	at org.apache.shiro.subject.support.SubjectCallable.doCall(SubjectCallable.java:90) [shiro-core-1.2.2.jar:1.2.2]
	at org.apache.shiro.subject.support.SubjectCallable.call(SubjectCallable.java:83) [shiro-core-1.2.2.jar:1.2.2]
	at org.apache.shiro.subject.support.DelegatingSubject.execute(DelegatingSubject.java:383) [shiro-core-1.2.2.jar:1.2.2]
	at org.apache.shiro.web.servlet.AbstractShiroFilter.doFilterInternal(AbstractShiroFilter.java:362) [shiro-web-1.2.2.jar:1.2.2]
	at org.apache.shiro.web.servlet.OncePerRequestFilter.doFilter(OncePerRequestFilter.java:125) [shiro-web-1.2.2.jar:1.2.2]
	at org.springframework.web.filter.DelegatingFilterProxy.invokeDelegate(DelegatingFilterProxy.java:343) [spring-web-3.2.6.jar:3.2.6.RELEASE]
	at org.springframework.web.filter.DelegatingFilterProxy.doFilter(DelegatingFilterProxy.java:260) [spring-web-3.2.6.jar:3.2.6.RELEASE]
	at org.apache.catalina.core.ApplicationFilterChain.internalDoFilter(ApplicationFilterChain.java:235) [catalina.jar:6.0.39]
	at org.apache.catalina.core.ApplicationFilterChain.doFilter(ApplicationFilterChain.java:206) [catalina.jar:6.0.39]
	at org.springframework.orm.hibernate3.support.OpenSessionInViewFilter.doFilterInternal(OpenSessionInViewFilter.java:230) [spring-orm-3.2.6.jar:3.2.6.RELEASE]
	at org.springframework.web.filter.OncePerRequestFilter.doFilter(OncePerRequestFilter.java:107) [spring-web-3.2.6.jar:3.2.6.RELEASE]
	at org.apache.catalina.core.ApplicationFilterChain.internalDoFilter(ApplicationFilterChain.java:235) [catalina.jar:6.0.39]
	at org.apache.catalina.core.ApplicationFilterChain.doFilter(ApplicationFilterChain.java:206) [catalina.jar:6.0.39]
	at org.springframework.web.filter.CharacterEncodingFilter.doFilterInternal(CharacterEncodingFilter.java:88) [spring-web-3.2.6.jar:3.2.6.RELEASE]
	at org.springframework.web.filter.OncePerRequestFilter.doFilter(OncePerRequestFilter.java:107) [spring-web-3.2.6.jar:3.2.6.RELEASE]
	at org.apache.catalina.core.ApplicationFilterChain.internalDoFilter(ApplicationFilterChain.java:235) [catalina.jar:6.0.39]
	at org.apache.catalina.core.ApplicationFilterChain.doFilter(ApplicationFilterChain.java:206) [catalina.jar:6.0.39]
	at com.jeecms.common.web.ProcessTimeFilter.doFilter(ProcessTimeFilter.java:35) [ProcessTimeFilter.class:na]
	at org.apache.catalina.core.ApplicationFilterChain.internalDoFilter(ApplicationFilterChain.java:235) [catalina.jar:6.0.39]
	at org.apache.catalina.core.ApplicationFilterChain.doFilter(ApplicationFilterChain.java:206) [catalina.jar:6.0.39]
	at org.apache.catalina.core.StandardWrapperValve.invoke(StandardWrapperValve.java:233) [catalina.jar:6.0.39]
	at org.apache.catalina.core.StandardContextValve.invoke(StandardContextValve.java:191) [catalina.jar:6.0.39]
	at org.apache.catalina.core.StandardHostValve.invoke(StandardHostValve.java:127) [catalina.jar:6.0.39]
	at org.apache.catalina.valves.ErrorReportValve.invoke(ErrorReportValve.java:103) [catalina.jar:6.0.39]
	at org.apache.catalina.core.StandardEngineValve.invoke(StandardEngineValve.java:109) [catalina.jar:6.0.39]
	at org.apache.catalina.connector.CoyoteAdapter.service(CoyoteAdapter.java:293) [catalina.jar:6.0.39]
	at org.apache.coyote.http11.Http11AprProcessor.process(Http11AprProcessor.java:879) [tomcat-coyote.jar:6.0.39]
	at org.apache.coyote.http11.Http11AprProtocol$Http11ConnectionHandler.process(Http11AprProtocol.java:617) [tomcat-coyote.jar:6.0.39]
	at org.apache.tomcat.util.net.AprEndpoint$Worker.run(AprEndpoint.java:1774) [tomcat-coyote.jar:6.0.39]
	at java.lang.Thread.run(Thread.java:662) [na:1.6.0_43]
23:38:37.657 [http-8080-2] ERROR freemarker.runtime - Error executing FreeMarker template
freemarker.core.InvalidReferenceException: The following has evaluated to null or missing:
==> a.attr.Starring  [in template "WEB-INF/t/cms/www/default/channel/vedio_child_tencent.html" at line 42, column 38]

Tip: If the failing expression is known to be legally null/missing, either specify a default value with myOptionalVar!myDefault, or use [#if myOptionalVar??]when-present[#else]when-missing[/#if]. (These only cover the last step of the expression; to cover the whole expression, use parenthessis: (myOptionVar.foo)!myDefault, (myOptionVar.foo)??

The failing instruction (print stack trace for 1 more):
==> #if a.attr.Starring != ""  [in template "WEB-INF/t/cms/www/default/channel/vedio_child_tencent.html" at line 42, column 33]
	at freemarker.core.InvalidReferenceException.getInstance(InvalidReferenceException.java:98) ~[freemarker.jar:2.3.20]
	at freemarker.core.EvalUtil.compare(EvalUtil.java:230) ~[freemarker.jar:2.3.20]
	at freemarker.core.EvalUtil.compare(EvalUtil.java:148) ~[freemarker.jar:2.3.20]
	at freemarker.core.ComparisonExpression.evalToBoolean(ComparisonExpression.java:103) ~[freemarker.jar:2.3.20]
	at freemarker.core.ConditionalBlock.accept(ConditionalBlock.java:84) ~[freemarker.jar:2.3.20]
	at freemarker.core.Environment.visit(Environment.java:265) [freemarker.jar:2.3.20]
	at freemarker.core.MixedContent.accept(MixedContent.java:93) [freemarker.jar:2.3.20]
	at freemarker.core.Environment.visitByHiddingParent(Environment.java:286) [freemarker.jar:2.3.20]
	at freemarker.core.IteratorBlock$Context.runLoop(IteratorBlock.java:193) [freemarker.jar:2.3.20]
	at freemarker.core.Environment.visitIteratorBlock(Environment.java:509) [freemarker.jar:2.3.20]
	at freemarker.core.IteratorBlock.accept(IteratorBlock.java:103) [freemarker.jar:2.3.20]
	at freemarker.core.Environment.visit(Environment.java:265) [freemarker.jar:2.3.20]
	at freemarker.core.Environment$1.render(Environment.java:313) [freemarker.jar:2.3.20]
	at com.jeecms.cms.action.directive.ContentListDirective.execute(ContentListDirective.java:115) [ContentListDirective.class:na]
	at freemarker.core.Environment.visit(Environment.java:341) [freemarker.jar:2.3.20]
	at freemarker.core.UnifiedCall.accept(UnifiedCall.java:136) [freemarker.jar:2.3.20]
	at freemarker.core.Environment.visit(Environment.java:265) [freemarker.jar:2.3.20]
	at freemarker.core.MixedContent.accept(MixedContent.java:93) [freemarker.jar:2.3.20]
	at freemarker.core.Environment.visit(Environment.java:265) [freemarker.jar:2.3.20]
	at freemarker.core.Environment.process(Environment.java:243) [freemarker.jar:2.3.20]
	at freemarker.template.Template.process(Template.java:277) [freemarker.jar:2.3.20]
	at com.jeecms.common.web.springmvc.SimpleFreeMarkerView.renderMergedTemplateModel(SimpleFreeMarkerView.java:111) [SimpleFreeMarkerView.class:na]
	at org.springframework.web.servlet.view.AbstractTemplateView.renderMergedOutputModel(AbstractTemplateView.java:167) [spring-webmvc-3.2.6.jar:3.2.6.RELEASE]
	at org.springframework.web.servlet.view.AbstractView.render(AbstractView.java:263) [spring-webmvc-3.2.6.jar:3.2.6.RELEASE]
	at org.springframework.web.servlet.DispatcherServlet.render(DispatcherServlet.java:1208) [spring-webmvc-3.2.6.jar:3.2.6.RELEASE]
	at org.springframework.web.servlet.DispatcherServlet.processDispatchResult(DispatcherServlet.java:992) [spring-webmvc-3.2.6.jar:3.2.6.RELEASE]
	at org.springframework.web.servlet.DispatcherServlet.doDispatch(DispatcherServlet.java:939) [spring-webmvc-3.2.6.jar:3.2.6.RELEASE]
	at org.springframework.web.servlet.DispatcherServlet.doService(DispatcherServlet.java:856) [spring-webmvc-3.2.6.jar:3.2.6.RELEASE]
	at org.springframework.web.servlet.FrameworkServlet.processRequest(FrameworkServlet.java:936) [spring-webmvc-3.2.6.jar:3.2.6.RELEASE]
	at org.springframework.web.servlet.FrameworkServlet.doGet(FrameworkServlet.java:827) [spring-webmvc-3.2.6.jar:3.2.6.RELEASE]
	at javax.servlet.http.HttpServlet.service(HttpServlet.java:617) [servlet-api.jar:na]
	at org.springframework.web.servlet.FrameworkServlet.service(FrameworkServlet.java:812) [spring-webmvc-3.2.6.jar:3.2.6.RELEASE]
	at javax.servlet.http.HttpServlet.service(HttpServlet.java:723) [servlet-api.jar:na]
	at org.apache.catalina.core.ApplicationFilterChain.internalDoFilter(ApplicationFilterChain.java:290) [catalina.jar:6.0.39]
	at org.apache.catalina.core.ApplicationFilterChain.doFilter(ApplicationFilterChain.java:206) [catalina.jar:6.0.39]
	at com.jeecms.common.web.XssFilter.doFilter(XssFilter.java:50) [XssFilter.class:na]
	at org.apache.catalina.core.ApplicationFilterChain.internalDoFilter(ApplicationFilterChain.java:235) [catalina.jar:6.0.39]
	at org.apache.catalina.core.ApplicationFilterChain.doFilter(ApplicationFilterChain.java:206) [catalina.jar:6.0.39]
	at org.apache.shiro.web.servlet.AbstractShiroFilter.executeChain(AbstractShiroFilter.java:449) [shiro-web-1.2.2.jar:1.2.2]
	at org.apache.shiro.web.servlet.AbstractShiroFilter$1.call(AbstractShiroFilter.java:365) [shiro-web-1.2.2.jar:1.2.2]
	at org.apache.shiro.subject.support.SubjectCallable.doCall(SubjectCallable.java:90) [shiro-core-1.2.2.jar:1.2.2]
	at org.apache.shiro.subject.support.SubjectCallable.call(SubjectCallable.java:83) [shiro-core-1.2.2.jar:1.2.2]
	at org.apache.shiro.subject.support.DelegatingSubject.execute(DelegatingSubject.java:383) [shiro-core-1.2.2.jar:1.2.2]
	at org.apache.shiro.web.servlet.AbstractShiroFilter.doFilterInternal(AbstractShiroFilter.java:362) [shiro-web-1.2.2.jar:1.2.2]
	at org.apache.shiro.web.servlet.OncePerRequestFilter.doFilter(OncePerRequestFilter.java:125) [shiro-web-1.2.2.jar:1.2.2]
	at org.springframework.web.filter.DelegatingFilterProxy.invokeDelegate(DelegatingFilterProxy.java:343) [spring-web-3.2.6.jar:3.2.6.RELEASE]
	at org.springframework.web.filter.DelegatingFilterProxy.doFilter(DelegatingFilterProxy.java:260) [spring-web-3.2.6.jar:3.2.6.RELEASE]
	at org.apache.catalina.core.ApplicationFilterChain.internalDoFilter(ApplicationFilterChain.java:235) [catalina.jar:6.0.39]
	at org.apache.catalina.core.ApplicationFilterChain.doFilter(ApplicationFilterChain.java:206) [catalina.jar:6.0.39]
	at org.springframework.orm.hibernate3.support.OpenSessionInViewFilter.doFilterInternal(OpenSessionInViewFilter.java:230) [spring-orm-3.2.6.jar:3.2.6.RELEASE]
	at org.springframework.web.filter.OncePerRequestFilter.doFilter(OncePerRequestFilter.java:107) [spring-web-3.2.6.jar:3.2.6.RELEASE]
	at org.apache.catalina.core.ApplicationFilterChain.internalDoFilter(ApplicationFilterChain.java:235) [catalina.jar:6.0.39]
	at org.apache.catalina.core.ApplicationFilterChain.doFilter(ApplicationFilterChain.java:206) [catalina.jar:6.0.39]
	at org.springframework.web.filter.CharacterEncodingFilter.doFilterInternal(CharacterEncodingFilter.java:88) [spring-web-3.2.6.jar:3.2.6.RELEASE]
	at org.springframework.web.filter.OncePerRequestFilter.doFilter(OncePerRequestFilter.java:107) [spring-web-3.2.6.jar:3.2.6.RELEASE]
	at org.apache.catalina.core.ApplicationFilterChain.internalDoFilter(ApplicationFilterChain.java:235) [catalina.jar:6.0.39]
	at org.apache.catalina.core.ApplicationFilterChain.doFilter(ApplicationFilterChain.java:206) [catalina.jar:6.0.39]
	at com.jeecms.common.web.ProcessTimeFilter.doFilter(ProcessTimeFilter.java:35) [ProcessTimeFilter.class:na]
	at org.apache.catalina.core.ApplicationFilterChain.internalDoFilter(ApplicationFilterChain.java:235) [catalina.jar:6.0.39]
	at org.apache.catalina.core.ApplicationFilterChain.doFilter(ApplicationFilterChain.java:206) [catalina.jar:6.0.39]
	at org.apache.catalina.core.StandardWrapperValve.invoke(StandardWrapperValve.java:233) [catalina.jar:6.0.39]
	at org.apache.catalina.core.StandardContextValve.invoke(StandardContextValve.java:191) [catalina.jar:6.0.39]
	at org.apache.catalina.core.StandardHostValve.invoke(StandardHostValve.java:127) [catalina.jar:6.0.39]
	at org.apache.catalina.valves.ErrorReportValve.invoke(ErrorReportValve.java:103) [catalina.jar:6.0.39]
	at org.apache.catalina.core.StandardEngineValve.invoke(StandardEngineValve.java:109) [catalina.jar:6.0.39]
	at org.apache.catalina.connector.CoyoteAdapter.service(CoyoteAdapter.java:293) [catalina.jar:6.0.39]
	at org.apache.coyote.http11.Http11AprProcessor.process(Http11AprProcessor.java:879) [tomcat-coyote.jar:6.0.39]
	at org.apache.coyote.http11.Http11AprProtocol$Http11ConnectionHandler.process(Http11AprProtocol.java:617) [tomcat-coyote.jar:6.0.39]
	at org.apache.tomcat.util.net.AprEndpoint$Worker.run(AprEndpoint.java:1774) [tomcat-coyote.jar:6.0.39]
	at java.lang.Thread.run(Thread.java:662) [na:1.6.0_43]
